<?xml version="1.0" encoding="UTF-8"?>
<testsuite xmlns:xsi="http://www.w3.org/2001/XMLSchema-instance" xsi:noNamespaceSchemaLocation="https://maven.apache.org/surefire/maven-surefire-plugin/xsd/surefire-test-report.xsd" name="com.simplilearn.mavenTest2.AppTest" time="3.58" tests="3" errors="0" skipped="0" failures="0">
  <properties>
[...]
</properties>
  <testcase name="testApp" classname="com.simplilearn.mavenTest2.AppTest" time="0.006"/>
  <testcase name="testSomething" classname="com.simplilearn.mavenTest2.AppTest" time="0"/>
  <testcase name="setUp" classname="com.simplilearn.mavenTest2.AppTest" time="3.491"/>
</testsuite>